<?xml version="1.0" encoding="UTF-8"?>
<TestRun id="b4dbda78-26ee-4bcc-85f3-ac396aa6852c" name="Administrator@DEMO 2011-11-16 16:51:51" runUser="DEMO\Administrator" xmlns="http://microsoft.com/schemas/VisualStudio/TeamTest/2010">
  <TestSettings name="Default Test Settings" id="792c654f-c98c-401e-a661-f4c0e391d61d">
    <Execution>
      <TestTypeSpecific />
      <AgentRule name="Execution Agents">
      </AgentRule>
    </Execution>
    <Deployment runDeploymentRoot="Administrator_DEMO 2011-11-16 16_51_51" />
  </TestSettings>
  <Times creation="2011-11-16T16:51:51.3818587-05:00" queuing="2011-11-16T16:51:53.2119634-05:00" start="2011-11-16T16:51:53.7199924-05:00" finish="2011-11-16T16:52:36.6104456-05:00" />
  <ResultSummary outcome="Aborted">
    <Counters total="21" executed="3" error="0" failed="0" timeout="0" aborted="1" inconclusive="0" passedButRunAborted="2" notRunnable="0" notExecuted="18" disconnected="0" warning="0" passed="0" completed="0" inProgress="0" pending="0" />
  </ResultSummary>
  <TestDefinitions>
    <WebAiiTest name="Log in if needed" storage="d:\projects\telerik-demo\test\teststudio\telerik_demo_app\support\log in if needed.tstest" priority="0" id="56b4d87e-212b-43bf-8837-343abe075712" xmlns="http://artoftest.com/schemas/WebAiiDesignCanvas/1.0.0">
      <Description xmlns="http://microsoft.com/schemas/VisualStudio/TeamTest/2010">WebAii Testcase</Description>
      <DeploymentItems xmlns="http://microsoft.com/schemas/VisualStudio/TeamTest/2010">
        <DeploymentItem filename="..\bin\Telerik_Demo_App.dll" />
      </DeploymentItems>
      <Execution id="b5c82173-b5bb-468a-95c7-44a33620a2cc" xmlns="http://microsoft.com/schemas/VisualStudio/TeamTest/2010" />
    </WebAiiTest>
    <WebAiiTest name="Save a new contact" storage="d:\projects\telerik-demo\test\teststudio\telerik_demo_app\new contact\save a new contact.tstest" priority="0" id="7f6b31af-0d75-4540-bc18-bfab3d74fa99" xmlns="http://artoftest.com/schemas/WebAiiDesignCanvas/1.0.0">
      <Description xmlns="http://microsoft.com/schemas/VisualStudio/TeamTest/2010">WebAii Testcase</Description>
      <DeploymentItems xmlns="http://microsoft.com/schemas/VisualStudio/TeamTest/2010">
        <DeploymentItem filename="..\bin\Telerik_Demo_App.dll" />
        <DeploymentItem filename="..\New Contact\Clicking New Contact from grid opens form in new window.tstest" />
        <DeploymentItem filename="..\Login\Logging in as test user displays proper header.tstest" />
        <DeploymentItem filename="..\Support\Log in if needed.tstest" />
      </DeploymentItems>
      <Execution id="fa20f6be-78e1-4185-9cd7-1d1b4920c1e6" xmlns="http://microsoft.com/schemas/VisualStudio/TeamTest/2010" />
    </WebAiiTest>
    <WebAiiTest name="Invalid EMail formats generate appropriate errors" storage="d:\projects\telerik-demo\test\teststudio\telerik_demo_app\new contact\invalid email formats generate appropriate errors.tstest" priority="0" id="0ce85c22-85ca-465f-a822-8560ff8a1a61" xmlns="http://artoftest.com/schemas/WebAiiDesignCanvas/1.0.0">
      <Description xmlns="http://microsoft.com/schemas/VisualStudio/TeamTest/2010">WebAii Testcase</Description>
      <DeploymentItems xmlns="http://microsoft.com/schemas/VisualStudio/TeamTest/2010">
        <DeploymentItem filename="..\bin\Telerik_Demo_App.dll" />
      </DeploymentItems>
      <Execution id="7ded604c-fc55-4c33-aa07-48bd22b8a874" xmlns="http://microsoft.com/schemas/VisualStudio/TeamTest/2010" />
    </WebAiiTest>
    <WebAiiTest name="Adding empty contact generates appropriate field and style errors" storage="d:\projects\telerik-demo\test\teststudio\telerik_demo_app\new contact\adding empty contact generates appropriate field and style errors.tstest" priority="0" id="b0cbe79a-5836-4d42-9a31-1836b210f99c" xmlns="http://artoftest.com/schemas/WebAiiDesignCanvas/1.0.0">
      <Description xmlns="http://microsoft.com/schemas/VisualStudio/TeamTest/2010">WebAii Testcase</Description>
      <DeploymentItems xmlns="http://microsoft.com/schemas/VisualStudio/TeamTest/2010">
        <DeploymentItem filename="..\bin\Telerik_Demo_App.dll" />
        <DeploymentItem filename="..\New Contact\Clicking New Contact from grid opens form in new window.tstest" />
        <DeploymentItem filename="..\Login\Logging in as test user displays proper header.tstest" />
        <DeploymentItem filename="..\Support\Log in if needed.tstest" />
      </DeploymentItems>
      <Execution id="ede16135-4f1a-4e5d-b56c-7b531d636eb6" xmlns="http://microsoft.com/schemas/VisualStudio/TeamTest/2010" />
    </WebAiiTest>
    <WebAiiTest name="AJAX Menu demo" storage="d:\projects\telerik-demo\test\teststudio\telerik_demo_app\working with ajax\ajax menu demo.tstest" priority="0" id="8eb8dc06-2ebb-4108-89cc-3383d5f89cf9" xmlns="http://artoftest.com/schemas/WebAiiDesignCanvas/1.0.0">
      <Description xmlns="http://microsoft.com/schemas/VisualStudio/TeamTest/2010">WebAii Testcase</Description>
      <DeploymentItems xmlns="http://microsoft.com/schemas/VisualStudio/TeamTest/2010">
        <DeploymentItem filename="..\Login\Logging in as test user displays proper header.tstest" />
        <DeploymentItem filename="..\bin\Telerik_Demo_App.dll" />
        <DeploymentItem filename="..\Support\Log in if needed.tstest" />
      </DeploymentItems>
      <Execution id="93d9f3e0-037c-4011-932b-ab63ab59d1db" xmlns="http://microsoft.com/schemas/VisualStudio/TeamTest/2010" />
    </WebAiiTest>
    <WebAiiTest name="RadGrid displays proper baseline data" storage="d:\projects\telerik-demo\test\teststudio\telerik_demo_app\.net tests\radgrid displays proper baseline data.tstest" priority="0" id="40de4c12-8ead-4233-9677-4c4f415b2abf" xmlns="http://artoftest.com/schemas/WebAiiDesignCanvas/1.0.0">
      <Description xmlns="http://microsoft.com/schemas/VisualStudio/TeamTest/2010">WebAii Testcase</Description>
      <DeploymentItems xmlns="http://microsoft.com/schemas/VisualStudio/TeamTest/2010">
        <DeploymentItem filename="..\bin\Telerik_Demo_App.dll" />
      </DeploymentItems>
      <Execution id="13ac9104-81f8-4238-b080-ecf4293a773f" xmlns="http://microsoft.com/schemas/VisualStudio/TeamTest/2010" />
    </WebAiiTest>
    <WebAiiTest name="Navigating to Rad page renders grid" storage="d:\projects\telerik-demo\test\teststudio\telerik_demo_app\.net tests\navigating to rad page renders grid.tstest" priority="0" id="9ceaf6fe-2281-4c74-a733-ea1902a74d62" xmlns="http://artoftest.com/schemas/WebAiiDesignCanvas/1.0.0">
      <Description xmlns="http://microsoft.com/schemas/VisualStudio/TeamTest/2010">WebAii Testcase</Description>
      <DeploymentItems xmlns="http://microsoft.com/schemas/VisualStudio/TeamTest/2010">
        <DeploymentItem filename="..\Login\Logging in as test user displays proper header.tstest" />
        <DeploymentItem filename="..\bin\Telerik_Demo_App.dll" />
        <DeploymentItem filename="..\Support\Log in if needed.tstest" />
      </DeploymentItems>
      <Execution id="5b3a5658-96d8-4dc9-a345-5fd4424d463c" xmlns="http://microsoft.com/schemas/VisualStudio/TeamTest/2010" />
    </WebAiiTest>
    <WebAiiTest name="LinkedIn profile renders in iFrame" storage="d:\projects\telerik-demo\test\teststudio\telerik_demo_app\working with iframes\linkedin profile renders in iframe.tstest" priority="0" id="88dcce55-db86-4d9c-917f-9721e62f6ea5" xmlns="http://artoftest.com/schemas/WebAiiDesignCanvas/1.0.0">
      <Description xmlns="http://microsoft.com/schemas/VisualStudio/TeamTest/2010">WebAii Testcase</Description>
      <DeploymentItems xmlns="http://microsoft.com/schemas/VisualStudio/TeamTest/2010">
        <DeploymentItem filename="..\Login\Logging in as test user displays proper header.tstest" />
        <DeploymentItem filename="..\bin\Telerik_Demo_App.dll" />
        <DeploymentItem filename="..\Support\Log in if needed.tstest" />
      </DeploymentItems>
      <Execution id="de749cae-6397-4b0a-ba1f-c1127c4c6d38" xmlns="http://microsoft.com/schemas/VisualStudio/TeamTest/2010" />
    </WebAiiTest>
    <WebAiiTest name="Validate HTML 5 e-mail errors" storage="d:\projects\telerik-demo\test\teststudio\telerik_demo_app\new contact\validate html 5 e-mail errors.tstest" priority="0" id="cdfe9f87-5ba6-474b-a52e-2c6ee45ec7a1" xmlns="http://artoftest.com/schemas/WebAiiDesignCanvas/1.0.0">
      <Description xmlns="http://microsoft.com/schemas/VisualStudio/TeamTest/2010">WebAii Testcase</Description>
      <DeploymentItems xmlns="http://microsoft.com/schemas/VisualStudio/TeamTest/2010">
        <DeploymentItem filename="..\bin\Telerik_Demo_App.dll" />
        <DeploymentItem filename="..\New Contact\Clicking New Contact from grid opens form in new window.tstest" />
        <DeploymentItem filename="..\Login\Logging in as test user displays proper header.tstest" />
        <DeploymentItem filename="..\Support\Log in if needed.tstest" />
      </DeploymentItems>
      <Execution id="12b0d24d-07ac-429b-b914-97bc8a6a0443" xmlns="http://microsoft.com/schemas/VisualStudio/TeamTest/2010" />
    </WebAiiTest>
    <WebAiiTest name="Invalid username and password combo shows error message" storage="d:\projects\telerik-demo\test\teststudio\telerik_demo_app\login\invalid username and password combo shows error message.tstest" priority="0" id="e053a135-43c8-4e57-9dd7-2f6cacf59f82" xmlns="http://artoftest.com/schemas/WebAiiDesignCanvas/1.0.0">
      <Description xmlns="http://microsoft.com/schemas/VisualStudio/TeamTest/2010">WebAii Testcase</Description>
      <DeploymentItems xmlns="http://microsoft.com/schemas/VisualStudio/TeamTest/2010">
        <DeploymentItem filename="..\bin\Telerik_Demo_App.dll" />
      </DeploymentItems>
      <Execution id="3f2e590b-b5a2-4113-8d25-f3d168e289d9" xmlns="http://microsoft.com/schemas/VisualStudio/TeamTest/2010" />
    </WebAiiTest>
    <WebAiiTest name="Drop Down Waits" storage="d:\projects\telerik-demo\test\teststudio\telerik_demo_app\working with ajax\drop down waits.tstest" priority="0" id="1474152c-4a5e-4ce3-ad41-644a286aac61" xmlns="http://artoftest.com/schemas/WebAiiDesignCanvas/1.0.0">
      <Description xmlns="http://microsoft.com/schemas/VisualStudio/TeamTest/2010">WebAii Testcase</Description>
      <DeploymentItems xmlns="http://microsoft.com/schemas/VisualStudio/TeamTest/2010">
        <DeploymentItem filename="..\bin\Telerik_Demo_App.dll" />
      </DeploymentItems>
      <Execution id="9ad7b51f-1f27-4cd1-9fbf-ac44f8590b87" xmlns="http://microsoft.com/schemas/VisualStudio/TeamTest/2010" />
    </WebAiiTest>
    <WebAiiTest name="Login Submit button disabled until both username &amp; password entered" storage="d:\projects\telerik-demo\test\teststudio\telerik_demo_app\login\login submit button disabled until both username &amp; password entered.tstest" priority="0" id="bb96b034-5560-4909-bf1a-096866fc288e" xmlns="http://artoftest.com/schemas/WebAiiDesignCanvas/1.0.0">
      <Description xmlns="http://microsoft.com/schemas/VisualStudio/TeamTest/2010">WebAii Testcase</Description>
      <DeploymentItems xmlns="http://microsoft.com/schemas/VisualStudio/TeamTest/2010">
        <DeploymentItem filename="..\bin\Telerik_Demo_App.dll" />
      </DeploymentItems>
      <Execution id="7c36782a-7bce-4830-b2e9-281333893868" xmlns="http://microsoft.com/schemas/VisualStudio/TeamTest/2010" />
    </WebAiiTest>
    <WebAiiTest name="Inputting valid username and password logs on" storage="d:\projects\telerik-demo\test\teststudio\telerik_demo_app\login\inputting valid username and password logs on.tstest" priority="0" id="84102f18-2ac8-4333-bc34-70cc2d6490a1" xmlns="http://artoftest.com/schemas/WebAiiDesignCanvas/1.0.0">
      <Description xmlns="http://microsoft.com/schemas/VisualStudio/TeamTest/2010">WebAii Testcase</Description>
      <DeploymentItems xmlns="http://microsoft.com/schemas/VisualStudio/TeamTest/2010">
        <DeploymentItem filename="..\bin\Telerik_Demo_App.dll" />
        <DeploymentItem filename="..\Support\Log in if needed.tstest" />
      </DeploymentItems>
      <Execution id="4096705e-41ab-42fd-876a-8d9a3051c0c4" xmlns="http://microsoft.com/schemas/VisualStudio/TeamTest/2010" />
    </WebAiiTest>
    <WebAiiTest name="Dragging Contact Types to new contact sets correct values" storage="d:\projects\telerik-demo\test\teststudio\telerik_demo_app\new contact\dragging contact types to new contact sets correct values.tstest" priority="0" id="1ed756a3-39b5-4dee-a24d-4e2f7a4a19aa" xmlns="http://artoftest.com/schemas/WebAiiDesignCanvas/1.0.0">
      <Description xmlns="http://microsoft.com/schemas/VisualStudio/TeamTest/2010">WebAii Testcase</Description>
      <DeploymentItems xmlns="http://microsoft.com/schemas/VisualStudio/TeamTest/2010">
        <DeploymentItem filename="..\bin\Telerik_Demo_App.dll" />
        <DeploymentItem filename="..\New Contact\Clicking New Contact from grid opens form in new window.tstest" />
        <DeploymentItem filename="..\Login\Logging in as test user displays proper header.tstest" />
        <DeploymentItem filename="..\Support\Log in if needed.tstest" />
      </DeploymentItems>
      <Execution id="0c9834cf-8cec-477a-8485-8f6e7cb2e5ac" xmlns="http://microsoft.com/schemas/VisualStudio/TeamTest/2010" />
    </WebAiiTest>
    <WebAiiTest name="Log OUT if needed" storage="d:\projects\telerik-demo\test\teststudio\telerik_demo_app\support\log out if needed.tstest" priority="0" id="0b9e27cb-289a-4e33-aa3e-54aa90a689c4" xmlns="http://artoftest.com/schemas/WebAiiDesignCanvas/1.0.0">
      <Description xmlns="http://microsoft.com/schemas/VisualStudio/TeamTest/2010">WebAii Testcase</Description>
      <DeploymentItems xmlns="http://microsoft.com/schemas/VisualStudio/TeamTest/2010">
        <DeploymentItem filename="..\bin\Telerik_Demo_App.dll" />
      </DeploymentItems>
      <Execution id="f94404ca-d5e9-4065-ba9b-1d8bb643b008" xmlns="http://microsoft.com/schemas/VisualStudio/TeamTest/2010" />
    </WebAiiTest>
    <WebAiiTest name="Clicking New Contact from grid opens form in new window" storage="d:\projects\telerik-demo\test\teststudio\telerik_demo_app\new contact\clicking new contact from grid opens form in new window.tstest" priority="0" id="6ef4f20c-2dda-419c-997c-854a69210f65" xmlns="http://artoftest.com/schemas/WebAiiDesignCanvas/1.0.0">
      <Description xmlns="http://microsoft.com/schemas/VisualStudio/TeamTest/2010">WebAii Testcase</Description>
      <DeploymentItems xmlns="http://microsoft.com/schemas/VisualStudio/TeamTest/2010">
        <DeploymentItem filename="..\Login\Logging in as test user displays proper header.tstest" />
        <DeploymentItem filename="..\bin\Telerik_Demo_App.dll" />
        <DeploymentItem filename="..\Support\Log in if needed.tstest" />
      </DeploymentItems>
      <Execution id="dd9cd88f-48b0-4382-a885-90a7a9494c76" xmlns="http://microsoft.com/schemas/VisualStudio/TeamTest/2010" />
    </WebAiiTest>
    <WebAiiTest name="Initial Grid loaded from baseline data contains correct records" storage="d:\projects\telerik-demo\test\teststudio\telerik_demo_app\initial grid\initial grid loaded from baseline data contains correct records.tstest" priority="0" id="38266c9d-e309-4cf7-b748-3a55719df26e" xmlns="http://artoftest.com/schemas/WebAiiDesignCanvas/1.0.0">
      <Description xmlns="http://microsoft.com/schemas/VisualStudio/TeamTest/2010">WebAii Testcase</Description>
      <DeploymentItems xmlns="http://microsoft.com/schemas/VisualStudio/TeamTest/2010">
        <DeploymentItem filename="..\Login\Logging in as test user displays proper header.tstest" />
        <DeploymentItem filename="..\bin\Telerik_Demo_App.dll" />
        <DeploymentItem filename="..\Support\Log in if needed.tstest" />
      </DeploymentItems>
      <Execution id="3934e561-1785-4551-9572-e2a57d4bf119" xmlns="http://microsoft.com/schemas/VisualStudio/TeamTest/2010" />
    </WebAiiTest>
    <WebAiiTest name="Saving a New Contact with valid values shows user on grid" storage="d:\projects\telerik-demo\test\teststudio\telerik_demo_app\new contact\saving a new contact with valid values shows user on grid.tstest" priority="0" id="6297519a-b92c-43dd-8442-7e9f619d4431" xmlns="http://artoftest.com/schemas/WebAiiDesignCanvas/1.0.0">
      <Description xmlns="http://microsoft.com/schemas/VisualStudio/TeamTest/2010">WebAii Testcase</Description>
      <DeploymentItems xmlns="http://microsoft.com/schemas/VisualStudio/TeamTest/2010">
        <DeploymentItem filename="..\bin\Telerik_Demo_App.dll" />
        <DeploymentItem filename="..\New Contact\Clicking New Contact from grid opens form in new window.tstest" />
        <DeploymentItem filename="..\Login\Logging in as test user displays proper header.tstest" />
        <DeploymentItem filename="..\Support\Log in if needed.tstest" />
      </DeploymentItems>
      <Execution id="f91b62b0-fe71-41d6-a22a-ef1ba0337664" xmlns="http://microsoft.com/schemas/VisualStudio/TeamTest/2010" />
    </WebAiiTest>
    <WebAiiTest name="Exporting Grid to PDF saves a file to filesystem" storage="d:\projects\telerik-demo\test\teststudio\telerik_demo_app\initial grid\exporting grid to pdf saves a file to filesystem.tstest" priority="0" id="3a67af50-a176-4237-97df-8c6a66252944" xmlns="http://artoftest.com/schemas/WebAiiDesignCanvas/1.0.0">
      <Description xmlns="http://microsoft.com/schemas/VisualStudio/TeamTest/2010">WebAii Testcase</Description>
      <DeploymentItems xmlns="http://microsoft.com/schemas/VisualStudio/TeamTest/2010">
        <DeploymentItem filename="..\Login\Logging in as test user displays proper header.tstest" />
        <DeploymentItem filename="..\bin\Telerik_Demo_App.dll" />
        <DeploymentItem filename="..\Support\Log in if needed.tstest" />
      </DeploymentItems>
      <Execution id="06b9c7b4-5201-49f3-a34d-f20131337dd1" xmlns="http://microsoft.com/schemas/VisualStudio/TeamTest/2010" />
    </WebAiiTest>
    <WebAiiTest name="Logging in as test user displays proper header" storage="d:\projects\telerik-demo\test\teststudio\telerik_demo_app\login\logging in as test user displays proper header.tstest" priority="0" id="d85de241-5219-4b09-b501-7a7aa86be76b" xmlns="http://artoftest.com/schemas/WebAiiDesignCanvas/1.0.0">
      <Description xmlns="http://microsoft.com/schemas/VisualStudio/TeamTest/2010">WebAii Testcase</Description>
      <DeploymentItems xmlns="http://microsoft.com/schemas/VisualStudio/TeamTest/2010">
        <DeploymentItem filename="..\bin\Telerik_Demo_App.dll" />
        <DeploymentItem filename="..\Support\Log in if needed.tstest" />
      </DeploymentItems>
      <Execution id="dec0b6d6-c6af-4be4-9e5f-e76c7ffcca45" xmlns="http://microsoft.com/schemas/VisualStudio/TeamTest/2010" />
    </WebAiiTest>
    <WebAiiTest name="AJAX Menu Items Can Be Validated" storage="d:\projects\telerik-demo\test\teststudio\telerik_demo_app\working with ajax\ajax menu items can be validated.tstest" priority="0" id="1824807f-83a8-4255-bea0-23f0faa8a982" xmlns="http://artoftest.com/schemas/WebAiiDesignCanvas/1.0.0">
      <Description xmlns="http://microsoft.com/schemas/VisualStudio/TeamTest/2010">WebAii Testcase</Description>
      <DeploymentItems xmlns="http://microsoft.com/schemas/VisualStudio/TeamTest/2010">
        <DeploymentItem filename="..\Login\Logging in as test user displays proper header.tstest" />
        <DeploymentItem filename="..\bin\Telerik_Demo_App.dll" />
        <DeploymentItem filename="..\Support\Log in if needed.tstest" />
      </DeploymentItems>
      <Execution id="b4df4914-474c-4be6-9b91-75b6cf122dac" xmlns="http://microsoft.com/schemas/VisualStudio/TeamTest/2010" />
    </WebAiiTest>
  </TestDefinitions>
  <TestLists>
    <TestList name="Results Not in a List" id="8c84fa94-04c1-424b-9868-57a2d4851a1d" />
    <TestList name="All Loaded Results" id="19431567-8539-422a-85d7-44ee4e166bda" />
  </TestLists>
  <TestEntries>
    <TestEntry testId="0b9e27cb-289a-4e33-aa3e-54aa90a689c4" executionId="f94404ca-d5e9-4065-ba9b-1d8bb643b008" testListId="8c84fa94-04c1-424b-9868-57a2d4851a1d" />
    <TestEntry testId="0ce85c22-85ca-465f-a822-8560ff8a1a61" executionId="7ded604c-fc55-4c33-aa07-48bd22b8a874" testListId="8c84fa94-04c1-424b-9868-57a2d4851a1d" />
    <TestEntry testId="1474152c-4a5e-4ce3-ad41-644a286aac61" executionId="9ad7b51f-1f27-4cd1-9fbf-ac44f8590b87" testListId="8c84fa94-04c1-424b-9868-57a2d4851a1d" />
    <TestEntry testId="1824807f-83a8-4255-bea0-23f0faa8a982" executionId="b4df4914-474c-4be6-9b91-75b6cf122dac" testListId="8c84fa94-04c1-424b-9868-57a2d4851a1d" />
    <TestEntry testId="1ed756a3-39b5-4dee-a24d-4e2f7a4a19aa" executionId="0c9834cf-8cec-477a-8485-8f6e7cb2e5ac" testListId="8c84fa94-04c1-424b-9868-57a2d4851a1d" />
    <TestEntry testId="38266c9d-e309-4cf7-b748-3a55719df26e" executionId="3934e561-1785-4551-9572-e2a57d4bf119" testListId="8c84fa94-04c1-424b-9868-57a2d4851a1d" />
    <TestEntry testId="3a67af50-a176-4237-97df-8c6a66252944" executionId="06b9c7b4-5201-49f3-a34d-f20131337dd1" testListId="8c84fa94-04c1-424b-9868-57a2d4851a1d" />
    <TestEntry testId="40de4c12-8ead-4233-9677-4c4f415b2abf" executionId="13ac9104-81f8-4238-b080-ecf4293a773f" testListId="8c84fa94-04c1-424b-9868-57a2d4851a1d" />
    <TestEntry testId="56b4d87e-212b-43bf-8837-343abe075712" executionId="b5c82173-b5bb-468a-95c7-44a33620a2cc" testListId="8c84fa94-04c1-424b-9868-57a2d4851a1d" />
    <TestEntry testId="6297519a-b92c-43dd-8442-7e9f619d4431" executionId="f91b62b0-fe71-41d6-a22a-ef1ba0337664" testListId="8c84fa94-04c1-424b-9868-57a2d4851a1d" />
    <TestEntry testId="6ef4f20c-2dda-419c-997c-854a69210f65" executionId="dd9cd88f-48b0-4382-a885-90a7a9494c76" testListId="8c84fa94-04c1-424b-9868-57a2d4851a1d" />
    <TestEntry testId="7f6b31af-0d75-4540-bc18-bfab3d74fa99" executionId="fa20f6be-78e1-4185-9cd7-1d1b4920c1e6" testListId="8c84fa94-04c1-424b-9868-57a2d4851a1d" />
    <TestEntry testId="84102f18-2ac8-4333-bc34-70cc2d6490a1" executionId="4096705e-41ab-42fd-876a-8d9a3051c0c4" testListId="8c84fa94-04c1-424b-9868-57a2d4851a1d" />
    <TestEntry testId="88dcce55-db86-4d9c-917f-9721e62f6ea5" executionId="de749cae-6397-4b0a-ba1f-c1127c4c6d38" testListId="8c84fa94-04c1-424b-9868-57a2d4851a1d" />
    <TestEntry testId="8eb8dc06-2ebb-4108-89cc-3383d5f89cf9" executionId="93d9f3e0-037c-4011-932b-ab63ab59d1db" testListId="8c84fa94-04c1-424b-9868-57a2d4851a1d" />
    <TestEntry testId="9ceaf6fe-2281-4c74-a733-ea1902a74d62" executionId="5b3a5658-96d8-4dc9-a345-5fd4424d463c" testListId="8c84fa94-04c1-424b-9868-57a2d4851a1d" />
    <TestEntry testId="b0cbe79a-5836-4d42-9a31-1836b210f99c" executionId="ede16135-4f1a-4e5d-b56c-7b531d636eb6" testListId="8c84fa94-04c1-424b-9868-57a2d4851a1d" />
    <TestEntry testId="bb96b034-5560-4909-bf1a-096866fc288e" executionId="7c36782a-7bce-4830-b2e9-281333893868" testListId="8c84fa94-04c1-424b-9868-57a2d4851a1d" />
    <TestEntry testId="cdfe9f87-5ba6-474b-a52e-2c6ee45ec7a1" executionId="12b0d24d-07ac-429b-b914-97bc8a6a0443" testListId="8c84fa94-04c1-424b-9868-57a2d4851a1d" />
    <TestEntry testId="d85de241-5219-4b09-b501-7a7aa86be76b" executionId="dec0b6d6-c6af-4be4-9e5f-e76c7ffcca45" testListId="8c84fa94-04c1-424b-9868-57a2d4851a1d" />
    <TestEntry testId="e053a135-43c8-4e57-9dd7-2f6cacf59f82" executionId="3f2e590b-b5a2-4113-8d25-f3d168e289d9" testListId="8c84fa94-04c1-424b-9868-57a2d4851a1d" />
  </TestEntries>
  <Results>
    <WebAiiTestResult executionId="f94404ca-d5e9-4065-ba9b-1d8bb643b008" testId="0b9e27cb-289a-4e33-aa3e-54aa90a689c4" testName="Log OUT if needed" computerName="DEMO" duration="00:00:14.0519232" startTime="2011-11-16T16:51:53.8810016-05:00" endTime="2011-11-16T16:52:07.9458061-05:00" testType="c4241296-3c6e-46b1-bf92-e0bd3e0eb017" outcome="PassedButRunAborted" testListId="8c84fa94-04c1-424b-9868-57a2d4851a1d" relativeResultsDirectory="f94404ca-d5e9-4065-ba9b-1d8bb643b008" xmlns="http://artoftest.com/schemas/WebAiiDesignCanvas/1.0.0">
      <Output xmlns="http://microsoft.com/schemas/VisualStudio/TeamTest/2010">
        <ErrorInfo>
          <Message>Overall Result: Pass
------------------------------------------------------------
'11/16/2011 4:51:54 PM' - Starting execution....
------------------------------------------------------------
'11/16/2011 4:51:56 PM' - 'Pass' : 1. ELSE
Logical step encountered. Executing branch =&gt; ELSE:
------------------------------------------------------------
Condition Evaluation Details:

------------------------------------------------------------

------------------------------------------------------------
'11/16/2011 4:51:56 PM' - Overall Result: Pass
'11/16/2011 4:51:56 PM' - Duration: [0 min: 0 sec: 288 msec]
------------------------------------------------------------
'11/16/2011 4:51:57 PM' - Test completed!
</Message>
        </ErrorInfo>
      </Output>
      <WebAiiTestResult Type="ArtOfTest.WebAii.Design.Execution.TestResult" Version="2011.2.1108.0" xmlns="">
        <TestId Type="System.String">0b9e27cb-289a-4e33-aa3e-54aa90a689c4</TestId>
        <TestName Type="System.String">Log OUT if needed</TestName>
        <TestPath Type="System.String">Support\Log OUT if needed.tstest</TestPath>
        <ProjectPath Type="System.String">
        </ProjectPath>
        <ResultType Type="ArtOfTest.Common.Design.ResultType">Pass</ResultType>
        <AutomationStepResults>
          <Item Type="ArtOfTest.WebAii.Design.Execution.LogicalStepResult" Version="2011.2.1108.0">
            <ResultType Type="ArtOfTest.Common.Design.ResultType">Pass</ResultType>
            <StepDescription Type="System.String">ELSE</StepDescription>
            <TestId Type="System.String">0b9e27cb-289a-4e33-aa3e-54aa90a689c4</TestId>
            <TestName Type="System.String">Log OUT if needed</TestName>
            <TestPath Type="System.String">Support\Log OUT if needed.tstest</TestPath>
            <TestStepNumber Type="System.Int32">0</TestStepNumber>
            <Order Type="System.Int32">1</Order>
            <LogMessageOnError Type="System.String">
            </LogMessageOnError>
            <HashCode Type="System.Int32">-206396961</HashCode>
            <IsManual Type="System.Boolean">False</IsManual>
            <WasStepEnabled Type="System.Boolean">False</WasStepEnabled>
            <TestResult Type="ArtOfTest.WebAii.Design.Execution.TestResult" Version="2011.2.1108.0">
              <TestId Type="System.String">0b9e27cb-289a-4e33-aa3e-54aa90a689c4</TestId>
              <TestName Type="System.String">Log OUT if needed</TestName>
              <TestPath Type="System.String">Support\Log OUT if needed.tstest</TestPath>
              <ProjectPath Type="System.String">
              </ProjectPath>
              <ResultType Type="ArtOfTest.Common.Design.ResultType">Pass</ResultType>
              <AutomationStepResults />
              <NotRunStepDescriptions>
                <Item Type="System.String">IF (Verify Exists 'LogoutLink') THEN</Item>
              </NotRunStepDescriptions>
              <PerStepMessages Type="System.String">
              </PerStepMessages>
              <TotalNumberOfPassedSteps Type="System.Int32">0</TotalNumberOfPassedSteps>
              <ExecutingTestStepCount Type="System.Int32">0</ExecutingTestStepCount>
              <TotalNumberOfNotRunSteps Type="System.Int32">0</TotalNumberOfNotRunSteps>
              <IsDataDrivenResult Type="System.Boolean">False</IsDataDrivenResult>
              <SeparatorLineCharCount Type="System.Int32">60</SeparatorLineCharCount>
              <ExecutionType Type="ArtOfTest.Common.Design.ExecutionType">QuickExecution</ExecutionType>
              <EndTime Type="System.DateTime">2011-11-16 21:51:56Z</EndTime>
              <StarTime Type="System.DateTime">2011-11-16 21:51:56Z</StarTime>
              <DataIterationResults />
              <VersionGroupKey Type="System.String">00000000-0000-0000-0000-000000000000</VersionGroupKey>
            </TestResult>
            <innerResult Type="ArtOfTest.WebAii.Design.Execution.TestResult" Version="2011.2.1108.0">
              <TestId Type="System.String">0b9e27cb-289a-4e33-aa3e-54aa90a689c4</TestId>
              <TestName Type="System.String">
              </TestName>
              <TestOwner Type="System.String">
              </TestOwner>
              <ProjectPath Type="System.String">
              </ProjectPath>
              <ResultType Type="ArtOfTest.Common.Design.ResultType">Pass</ResultType>
              <AutomationStepResults />
              <NotRunStepDescriptions />
              <PerStepMessages Type="System.String">
              </PerStepMessages>
              <TotalNumberOfPassedSteps Type="System.Int32">0</TotalNumberOfPassedSteps>
              <ExecutingTestStepCount Type="System.Int32">0</ExecutingTestStepCount>
              <TotalNumberOfNotRunSteps Type="System.Int32">0</TotalNumberOfNotRunSteps>
              <IsDataDrivenResult Type="System.Boolean">False</IsDataDrivenResult>
              <SeparatorLineCharCount Type="System.Int32">60</SeparatorLineCharCount>
              <ExecutionType Type="ArtOfTest.Common.Design.ExecutionType">QuickExecution</ExecutionType>
              <EndTime Type="System.DateTime">2011-11-16 21:51:56Z</EndTime>
              <StarTime Type="System.DateTime">2011-11-16 21:51:56Z</StarTime>
              <DataIterationResults />
              <VersionGroupKey Type="System.String">00000000-0000-0000-0000-000000000000</VersionGroupKey>
            </innerResult>
            <logicDetails Type="System.String">Condition Evaluation Details:
</logicDetails>
            <loopIteration Type="System.Int32">1</loopIteration>
            <isLoop Type="System.Boolean">False</isLoop>
          </Item>
        </AutomationStepResults>
        <NotRunStepDescriptions />
        <PerStepMessages Type="System.String">Overall Result: Pass
------------------------------------------------------------
'11/16/2011 4:51:54 PM' - Starting execution....
------------------------------------------------------------
'11/16/2011 4:51:56 PM' - 'Pass' : 1. ELSE
Logical step encountered. Executing branch =&gt; ELSE:
------------------------------------------------------------
Condition Evaluation Details:

------------------------------------------------------------

------------------------------------------------------------
'11/16/2011 4:51:56 PM' - Overall Result: Pass
'11/16/2011 4:51:56 PM' - Duration: [0 min: 0 sec: 288 msec]
------------------------------------------------------------
'11/16/2011 4:51:57 PM' - Test completed!
</PerStepMessages>
        <TotalNumberOfPassedSteps Type="System.Int32">1</TotalNumberOfPassedSteps>
        <ExecutingTestStepCount Type="System.Int32">1</ExecutingTestStepCount>
        <TotalNumberOfNotRunSteps Type="System.Int32">0</TotalNumberOfNotRunSteps>
        <IsDataDrivenResult Type="System.Boolean">False</IsDataDrivenResult>
        <SeparatorLineCharCount Type="System.Int32">60</SeparatorLineCharCount>
        <ExecutionType Type="ArtOfTest.Common.Design.ExecutionType">QuickExecution</ExecutionType>
        <EndTime Type="System.DateTime">2011-11-16 21:51:56Z</EndTime>
        <StarTime Type="System.DateTime">2011-11-16 21:51:56Z</StarTime>
        <DataIterationResults />
        <VersionGroupKey Type="System.String">00000000-0000-0000-0000-000000000000</VersionGroupKey>
      </WebAiiTestResult>
    </WebAiiTestResult>
    <WebAiiTestResult executionId="7ded604c-fc55-4c33-aa07-48bd22b8a874" testId="0ce85c22-85ca-465f-a822-8560ff8a1a61" testName="Invalid EMail formats generate appropriate errors" computerName="DEMO" duration="00:00:13.9288104" startTime="2011-11-16T16:52:07.9538065-05:00" endTime="2011-11-16T16:52:21.8826032-05:00" testType="c4241296-3c6e-46b1-bf92-e0bd3e0eb017" outcome="PassedButRunAborted" testListId="8c84fa94-04c1-424b-9868-57a2d4851a1d" relativeResultsDirectory="7ded604c-fc55-4c33-aa07-48bd22b8a874" xmlns="http://artoftest.com/schemas/WebAiiDesignCanvas/1.0.0">
      <Output xmlns="http://microsoft.com/schemas/VisualStudio/TeamTest/2010">
        <ErrorInfo>
          <Message>Overall Result: Pass
------------------------------------------------------------
'11/16/2011 4:52:08 PM' - Starting execution....
------------------------------------------------------------
------------------------------------------------------------
'11/16/2011 4:52:10 PM' - Overall Result: Pass
'11/16/2011 4:52:10 PM' - Duration: [0 min: 0 sec: 8 msec]
------------------------------------------------------------
'11/16/2011 4:52:10 PM' - Test completed!
</Message>
        </ErrorInfo>
      </Output>
      <WebAiiTestResult Type="ArtOfTest.WebAii.Design.Execution.TestResult" Version="2011.2.1108.0" xmlns="">
        <TestId Type="System.String">0ce85c22-85ca-465f-a822-8560ff8a1a61</TestId>
        <TestName Type="System.String">Invalid EMail formats generate appropriate errors</TestName>
        <TestPath Type="System.String">New Contact\Invalid EMail formats generate appropriate errors.tstest</TestPath>
        <ProjectPath Type="System.String">
        </ProjectPath>
        <ResultType Type="ArtOfTest.Common.Design.ResultType">Pass</ResultType>
        <AutomationStepResults />
        <NotRunStepDescriptions />
        <PerStepMessages Type="System.String">Overall Result: Pass
------------------------------------------------------------
'11/16/2011 4:52:08 PM' - Starting execution....
------------------------------------------------------------
------------------------------------------------------------
'11/16/2011 4:52:10 PM' - Overall Result: Pass
'11/16/2011 4:52:10 PM' - Duration: [0 min: 0 sec: 8 msec]
------------------------------------------------------------
'11/16/2011 4:52:10 PM' - Test completed!
</PerStepMessages>
        <TotalNumberOfPassedSteps Type="System.Int32">0</TotalNumberOfPassedSteps>
        <ExecutingTestStepCount Type="System.Int32">0</ExecutingTestStepCount>
        <TotalNumberOfNotRunSteps Type="System.Int32">0</TotalNumberOfNotRunSteps>
        <IsDataDrivenResult Type="System.Boolean">False</IsDataDrivenResult>
        <SeparatorLineCharCount Type="System.Int32">60</SeparatorLineCharCount>
        <ExecutionType Type="ArtOfTest.Common.Design.ExecutionType">QuickExecution</ExecutionType>
        <EndTime Type="System.DateTime">2011-11-16 21:52:10Z</EndTime>
        <StarTime Type="System.DateTime">2011-11-16 21:52:10Z</StarTime>
        <DataIterationResults />
        <VersionGroupKey Type="System.String">00000000-0000-0000-0000-000000000000</VersionGroupKey>
      </WebAiiTestResult>
    </WebAiiTestResult>
    <TestResult executionId="9ad7b51f-1f27-4cd1-9fbf-ac44f8590b87" testId="1474152c-4a5e-4ce3-ad41-644a286aac61" testName="Drop Down Waits" computerName="DEMO" duration="00:00:09.5255448" startTime="2011-11-16T16:52:21.8896036-05:00" endTime="2011-11-16T16:52:31.4151484-05:00" testType="c4241296-3c6e-46b1-bf92-e0bd3e0eb017" outcome="Aborted" testListId="8c84fa94-04c1-424b-9868-57a2d4851a1d" relativeResultsDirectory="9ad7b51f-1f27-4cd1-9fbf-ac44f8590b87">
      <Output>
        <ErrorInfo>
          <Message>User aborted test run.</Message>
        </ErrorInfo>
      </Output>
    </TestResult>
    <TestResult executionId="b4df4914-474c-4be6-9b91-75b6cf122dac" testId="1824807f-83a8-4255-bea0-23f0faa8a982" testName="AJAX Menu Items Can Be Validated" computerName="DEMO" testType="c4241296-3c6e-46b1-bf92-e0bd3e0eb017" outcome="NotExecuted" testListId="8c84fa94-04c1-424b-9868-57a2d4851a1d" relativeResultsDirectory="b4df4914-474c-4be6-9b91-75b6cf122dac">
    </TestResult>
    <TestResult executionId="0c9834cf-8cec-477a-8485-8f6e7cb2e5ac" testId="1ed756a3-39b5-4dee-a24d-4e2f7a4a19aa" testName="Dragging Contact Types to new contact sets correct values" computerName="DEMO" testType="c4241296-3c6e-46b1-bf92-e0bd3e0eb017" outcome="NotExecuted" testListId="8c84fa94-04c1-424b-9868-57a2d4851a1d" relativeResultsDirectory="0c9834cf-8cec-477a-8485-8f6e7cb2e5ac">
    </TestResult>
    <TestResult executionId="3934e561-1785-4551-9572-e2a57d4bf119" testId="38266c9d-e309-4cf7-b748-3a55719df26e" testName="Initial Grid loaded from baseline data contains correct records" computerName="DEMO" testType="c4241296-3c6e-46b1-bf92-e0bd3e0eb017" outcome="NotExecuted" testListId="8c84fa94-04c1-424b-9868-57a2d4851a1d" relativeResultsDirectory="3934e561-1785-4551-9572-e2a57d4bf119">
    </TestResult>
    <TestResult executionId="06b9c7b4-5201-49f3-a34d-f20131337dd1" testId="3a67af50-a176-4237-97df-8c6a66252944" testName="Exporting Grid to PDF saves a file to filesystem" computerName="DEMO" testType="c4241296-3c6e-46b1-bf92-e0bd3e0eb017" outcome="NotExecuted" testListId="8c84fa94-04c1-424b-9868-57a2d4851a1d" relativeResultsDirectory="06b9c7b4-5201-49f3-a34d-f20131337dd1">
    </TestResult>
    <TestResult executionId="13ac9104-81f8-4238-b080-ecf4293a773f" testId="40de4c12-8ead-4233-9677-4c4f415b2abf" testName="RadGrid displays proper baseline data" computerName="DEMO" testType="c4241296-3c6e-46b1-bf92-e0bd3e0eb017" outcome="NotExecuted" testListId="8c84fa94-04c1-424b-9868-57a2d4851a1d" relativeResultsDirectory="13ac9104-81f8-4238-b080-ecf4293a773f">
    </TestResult>
    <TestResult executionId="b5c82173-b5bb-468a-95c7-44a33620a2cc" testId="56b4d87e-212b-43bf-8837-343abe075712" testName="Log in if needed" computerName="DEMO" testType="c4241296-3c6e-46b1-bf92-e0bd3e0eb017" outcome="NotExecuted" testListId="8c84fa94-04c1-424b-9868-57a2d4851a1d" relativeResultsDirectory="b5c82173-b5bb-468a-95c7-44a33620a2cc">
    </TestResult>
    <TestResult executionId="f91b62b0-fe71-41d6-a22a-ef1ba0337664" testId="6297519a-b92c-43dd-8442-7e9f619d4431" testName="Saving a New Contact with valid values shows user on grid" computerName="DEMO" testType="c4241296-3c6e-46b1-bf92-e0bd3e0eb017" outcome="NotExecuted" testListId="8c84fa94-04c1-424b-9868-57a2d4851a1d" relativeResultsDirectory="f91b62b0-fe71-41d6-a22a-ef1ba0337664">
    </TestResult>
    <TestResult executionId="dd9cd88f-48b0-4382-a885-90a7a9494c76" testId="6ef4f20c-2dda-419c-997c-854a69210f65" testName="Clicking New Contact from grid opens form in new window" computerName="DEMO" testType="c4241296-3c6e-46b1-bf92-e0bd3e0eb017" outcome="NotExecuted" testListId="8c84fa94-04c1-424b-9868-57a2d4851a1d" relativeResultsDirectory="dd9cd88f-48b0-4382-a885-90a7a9494c76">
    </TestResult>
    <TestResult executionId="fa20f6be-78e1-4185-9cd7-1d1b4920c1e6" testId="7f6b31af-0d75-4540-bc18-bfab3d74fa99" testName="Save a new contact" computerName="DEMO" testType="c4241296-3c6e-46b1-bf92-e0bd3e0eb017" outcome="NotExecuted" testListId="8c84fa94-04c1-424b-9868-57a2d4851a1d" relativeResultsDirectory="fa20f6be-78e1-4185-9cd7-1d1b4920c1e6">
    </TestResult>
    <TestResult executionId="4096705e-41ab-42fd-876a-8d9a3051c0c4" testId="84102f18-2ac8-4333-bc34-70cc2d6490a1" testName="Inputting valid username and password logs on" computerName="DEMO" testType="c4241296-3c6e-46b1-bf92-e0bd3e0eb017" outcome="NotExecuted" testListId="8c84fa94-04c1-424b-9868-57a2d4851a1d" relativeResultsDirectory="4096705e-41ab-42fd-876a-8d9a3051c0c4">
    </TestResult>
    <TestResult executionId="de749cae-6397-4b0a-ba1f-c1127c4c6d38" testId="88dcce55-db86-4d9c-917f-9721e62f6ea5" testName="LinkedIn profile renders in iFrame" computerName="DEMO" testType="c4241296-3c6e-46b1-bf92-e0bd3e0eb017" outcome="NotExecuted" testListId="8c84fa94-04c1-424b-9868-57a2d4851a1d" relativeResultsDirectory="de749cae-6397-4b0a-ba1f-c1127c4c6d38">
    </TestResult>
    <TestResult executionId="93d9f3e0-037c-4011-932b-ab63ab59d1db" testId="8eb8dc06-2ebb-4108-89cc-3383d5f89cf9" testName="AJAX Menu demo" computerName="DEMO" testType="c4241296-3c6e-46b1-bf92-e0bd3e0eb017" outcome="NotExecuted" testListId="8c84fa94-04c1-424b-9868-57a2d4851a1d" relativeResultsDirectory="93d9f3e0-037c-4011-932b-ab63ab59d1db">
    </TestResult>
    <TestResult executionId="5b3a5658-96d8-4dc9-a345-5fd4424d463c" testId="9ceaf6fe-2281-4c74-a733-ea1902a74d62" testName="Navigating to Rad page renders grid" computerName="DEMO" testType="c4241296-3c6e-46b1-bf92-e0bd3e0eb017" outcome="NotExecuted" testListId="8c84fa94-04c1-424b-9868-57a2d4851a1d" relativeResultsDirectory="5b3a5658-96d8-4dc9-a345-5fd4424d463c">
    </TestResult>
    <TestResult executionId="ede16135-4f1a-4e5d-b56c-7b531d636eb6" testId="b0cbe79a-5836-4d42-9a31-1836b210f99c" testName="Adding empty contact generates appropriate field and style errors" computerName="DEMO" testType="c4241296-3c6e-46b1-bf92-e0bd3e0eb017" outcome="NotExecuted" testListId="8c84fa94-04c1-424b-9868-57a2d4851a1d" relativeResultsDirectory="ede16135-4f1a-4e5d-b56c-7b531d636eb6">
    </TestResult>
    <TestResult executionId="7c36782a-7bce-4830-b2e9-281333893868" testId="bb96b034-5560-4909-bf1a-096866fc288e" testName="Login Submit button disabled until both username &amp; password entered" computerName="DEMO" testType="c4241296-3c6e-46b1-bf92-e0bd3e0eb017" outcome="NotExecuted" testListId="8c84fa94-04c1-424b-9868-57a2d4851a1d" relativeResultsDirectory="7c36782a-7bce-4830-b2e9-281333893868">
    </TestResult>
    <TestResult executionId="12b0d24d-07ac-429b-b914-97bc8a6a0443" testId="cdfe9f87-5ba6-474b-a52e-2c6ee45ec7a1" testName="Validate HTML 5 e-mail errors" computerName="DEMO" testType="c4241296-3c6e-46b1-bf92-e0bd3e0eb017" outcome="NotExecuted" testListId="8c84fa94-04c1-424b-9868-57a2d4851a1d" relativeResultsDirectory="12b0d24d-07ac-429b-b914-97bc8a6a0443">
    </TestResult>
    <TestResult executionId="dec0b6d6-c6af-4be4-9e5f-e76c7ffcca45" testId="d85de241-5219-4b09-b501-7a7aa86be76b" testName="Logging in as test user displays proper header" computerName="DEMO" testType="c4241296-3c6e-46b1-bf92-e0bd3e0eb017" outcome="NotExecuted" testListId="8c84fa94-04c1-424b-9868-57a2d4851a1d" relativeResultsDirectory="dec0b6d6-c6af-4be4-9e5f-e76c7ffcca45">
    </TestResult>
    <TestResult executionId="3f2e590b-b5a2-4113-8d25-f3d168e289d9" testId="e053a135-43c8-4e57-9dd7-2f6cacf59f82" testName="Invalid username and password combo shows error message" computerName="DEMO" testType="c4241296-3c6e-46b1-bf92-e0bd3e0eb017" outcome="NotExecuted" testListId="8c84fa94-04c1-424b-9868-57a2d4851a1d" relativeResultsDirectory="3f2e590b-b5a2-4113-8d25-f3d168e289d9">
    </TestResult>
  </Results>
</TestRun>